[debug] [2020-02-29T22:22:57.604Z] ----------------------------------------------------------------------
[debug] [2020-02-29T22:22:57.606Z] Command:       /usr/local/Cellar/node@10/10.16.3/bin/node /usr/local/bin/firebase serve
[debug] [2020-02-29T22:22:57.606Z] CLI Version:   7.13.1
[debug] [2020-02-29T22:22:57.606Z] Platform:      darwin
[debug] [2020-02-29T22:22:57.606Z] Node Version:  v10.16.3
[debug] [2020-02-29T22:22:57.610Z] Time:          Sat Feb 29 2020 16:22:57 GMT-0600 (Central Standard Time)
[debug] [2020-02-29T22:22:57.611Z] ----------------------------------------------------------------------
[debug] [2020-02-29T22:22:57.611Z] 
[debug] [2020-02-29T22:22:57.622Z] > command requires scopes: ["email","openid","https://www.googleapis.com/auth/cloudplatformprojects.readonly","https://www.googleapis.com/auth/firebase","https://www.googleapis.com/auth/cloud-platform"]
[debug] [2020-02-29T22:22:57.622Z] > authorizing via signed-in user
[debug] [2020-02-29T22:22:57.622Z] [iam] checking project the-oz-project for permissions ["firebase.projects.get"]
[debug] [2020-02-29T22:22:57.623Z] > refreshing access token with scopes: ["email","https://www.googleapis.com/auth/cloud-platform","https://www.googleapis.com/auth/cloudplatformprojects.readonly","https://www.googleapis.com/auth/firebase","openid"]
[debug] [2020-02-29T22:22:57.624Z] >>> HTTP REQUEST POST https://www.googleapis.com/oauth2/v3/token  
 <request body omitted>
[debug] [2020-02-29T22:22:57.809Z] <<< HTTP RESPONSE 200
[debug] [2020-02-29T22:22:57.846Z] >>> HTTP REQUEST POST https://cloudresourcemanager.googleapis.com/v1/projects/the-oz-project:testIamPermissions  

[debug] [2020-02-29T22:22:58.080Z] <<< HTTP RESPONSE 200
[debug] [2020-02-29T22:22:58.080Z] >>> HTTP REQUEST GET https://firebase.googleapis.com/v1beta1/projects/the-oz-project  
 
[debug] [2020-02-29T22:22:58.337Z] <<< HTTP RESPONSE 200
[info] 
[info] === Serving from '/Users/jackie/repos/oz/server'...
[info] 
[warn] ⚠  Your requested "node" version "8" doesn't match your global version "10"
[info] ✔  functions: Emulator started at http://localhost:5000
[info] i  functions: Watching "/Users/jackie/repos/oz/server/functions" for Cloud Functions...
[debug] [2020-02-29T22:22:58.363Z] [worker-pool] addWorker(~diagnostic~)
[debug] [2020-02-29T22:22:58.363Z] [worker-pool] Adding worker with key ~diagnostic~, total=1
[debug] [2020-02-29T22:22:58.363Z] [worker-pool] submitWork(triggerId=)
[debug] [2020-02-29T22:22:58.364Z] [worker-~diagnostic~-989e5d24-1628-4923-9d73-cc098fe40219]: Assigning socketPath: /var/folders/_6/lz9ydtc148x9c1x48mmntrm80000gn/T/fire_emu_5650.sock
[debug] [2020-02-29T22:22:58.364Z] [worker-~diagnostic~-989e5d24-1628-4923-9d73-cc098fe40219]: BUSY
[debug] [2020-02-29T22:22:58.619Z] [runtime-status] [5650] Functions runtime initialized. {"cwd":"/Users/jackie/repos/oz/server/functions","node_version":"10.16.3"}
[debug] [2020-02-29T22:22:58.620Z] [runtime-status] [5650] Disabled runtime features: {"functions_config_helper":true,"network_filtering":true,"timeout":true,"memory_limiting":true,"admin_stubs":true,"pubsub_emulator":true}
[debug] [2020-02-29T22:22:58.623Z] [runtime-status] [5650] Resolved module firebase-admin {"declared":true,"installed":true,"version":"8.9.2","resolution":"/Users/jackie/repos/oz/server/functions/node_modules/firebase-admin/lib/index.js"}
[debug] [2020-02-29T22:22:58.624Z] [runtime-status] [5650] Resolved module firebase-functions {"declared":true,"installed":true,"version":"3.3.0","resolution":"/Users/jackie/repos/oz/server/functions/node_modules/firebase-functions/lib/index.js"}
[debug] [2020-02-29T22:22:58.625Z] [runtime-status] [5650] Resolved module firebase-functions {"declared":true,"installed":true,"version":"3.3.0","resolution":"/Users/jackie/repos/oz/server/functions/node_modules/firebase-functions/lib/index.js"}
[info] ✔  functions[api]: http function initialized (http://localhost:5000/the-oz-project/us-central1/api).
[info] ✔  functions[dialogflowGateway]: http function initialized (http://localhost:5000/the-oz-project/us-central1/dialogflowGateway).
[info] ✔  functions[dialogflowWebhook]: http function initialized (http://localhost:5000/the-oz-project/us-central1/dialogflowWebhook).
[debug] [2020-02-29T22:22:59.859Z] [worker-~diagnostic~-989e5d24-1628-4923-9d73-cc098fe40219]: IDLE
[debug] [2020-02-29T22:25:53.843Z] File /Users/jackie/repos/oz/server/functions/index.js changed, reloading triggers
[debug] [2020-02-29T22:25:54.849Z] [worker-pool] Shutting down IDLE worker (~diagnostic~)
[debug] [2020-02-29T22:25:54.849Z] [worker-~diagnostic~-989e5d24-1628-4923-9d73-cc098fe40219]: FINISHING
[debug] [2020-02-29T22:25:54.856Z] [worker-pool] addWorker(~diagnostic~)
[debug] [2020-02-29T22:25:54.856Z] [worker-pool] Adding worker with key ~diagnostic~, total=2
[debug] [2020-02-29T22:25:54.856Z] [worker-pool] submitWork(triggerId=)
[debug] [2020-02-29T22:25:54.857Z] [worker-~diagnostic~-40bc611b-3ba0-4d30-9cae-08c0bfffc7fc]: Assigning socketPath: /var/folders/_6/lz9ydtc148x9c1x48mmntrm80000gn/T/fire_emu_5734.sock
[debug] [2020-02-29T22:25:54.857Z] [worker-~diagnostic~-40bc611b-3ba0-4d30-9cae-08c0bfffc7fc]: BUSY
[debug] [2020-02-29T22:25:54.862Z] [worker-~diagnostic~-989e5d24-1628-4923-9d73-cc098fe40219]: exited
[debug] [2020-02-29T22:25:54.862Z] [worker-~diagnostic~-989e5d24-1628-4923-9d73-cc098fe40219]: FINISHED
[debug] [2020-02-29T22:25:55.649Z] [runtime-status] [5734] Functions runtime initialized. {"cwd":"/Users/jackie/repos/oz/server/functions","node_version":"10.16.3"}
[debug] [2020-02-29T22:25:55.651Z] [runtime-status] [5734] Disabled runtime features: {"functions_config_helper":true,"network_filtering":true,"timeout":true,"memory_limiting":true,"admin_stubs":true,"pubsub_emulator":true}
[debug] [2020-02-29T22:25:55.655Z] [runtime-status] [5734] Resolved module firebase-admin {"declared":true,"installed":true,"version":"8.9.2","resolution":"/Users/jackie/repos/oz/server/functions/node_modules/firebase-admin/lib/index.js"}
[debug] [2020-02-29T22:25:55.657Z] [runtime-status] [5734] Resolved module firebase-functions {"declared":true,"installed":true,"version":"3.3.0","resolution":"/Users/jackie/repos/oz/server/functions/node_modules/firebase-functions/lib/index.js"}
[debug] [2020-02-29T22:25:55.657Z] [runtime-status] [5734] Resolved module firebase-functions {"declared":true,"installed":true,"version":"3.3.0","resolution":"/Users/jackie/repos/oz/server/functions/node_modules/firebase-functions/lib/index.js"}
[debug] [2020-02-29T22:25:57.102Z] [worker-~diagnostic~-40bc611b-3ba0-4d30-9cae-08c0bfffc7fc]: IDLE
